# JRE version: Java(TM) SE Runtime Environment (17.0.11+7) (build 17.0.11+7-LTS-207)
# Java VM: Java HotSpot(TM) 64-Bit Server VM (17.0.11+7-LTS-207, mixed mode, sharing, tiered, compressed oops, compressed class ptrs, g1 gc, windows-amd64)
GC Precious Log:
 CPUs: 8 total, 8 available
 Memory: 7971M
 Large Page Support: Disabled
 NUMA Support: Disabled
 Compressed Oops: Enabled (32-bit)
 Heap Region Size: 1M
 Heap Min Capacity: 8M
 Heap Initial Capacity: 126M
 Heap Max Capacity: 2G
 Pre-touch: Disabled
 Parallel Workers: 8
 Concurrent Workers: 2
 Concurrent Refinement Workers: 8
 Periodic GC: Disabled
Heap:
 garbage-first heap   total 450560K, used 364544K [0x0000000080000000, 0x0000000100000000)
  region size 1024K, 5 young (5120K), 5 survivors (5120K)
 Metaspace       used 118704K, committed 120640K, reserved 557056K
  class space    used 16357K, committed 17216K, reserved 425984K
GC Heap History (20 events):
Event: 402.608 GC heap after
{Heap after GC invocations=67 (full 0):
 garbage-first heap   total 312320K, used 261658K [0x0000000080000000, 0x0000000100000000)
  region size 1024K, 2 young (2048K), 2 survivors (2048K)
 Metaspace       used 103673K, committed 105344K, reserved 557056K
  class space    used 14370K, committed 15104K, reserved 425984K
}
Event: 402.864 GC heap before
{Heap before GC invocations=67 (full 0):
 garbage-first heap   total 312320K, used 274970K [0x0000000080000000, 0x0000000100000000)
  region size 1024K, 15 young (15360K), 2 survivors (2048K)
 Metaspace       used 104182K, committed 105856K, reserved 557056K
  class space    used 14438K, committed 15168K, reserved 425984K
}
Event: 402.870 GC heap after
{Heap after GC invocations=68 (full 0):
 garbage-first heap   total 377856K, used 263460K [0x0000000080000000, 0x0000000100000000)
  region size 1024K, 2 young (2048K), 2 survivors (2048K)
 Metaspace       used 104182K, committed 105856K, reserved 557056K
  class space    used 14438K, committed 15168K, reserved 425984K
}
Event: 403.496 GC heap before
{Heap before GC invocations=69 (full 0):
 garbage-first heap   total 450560K, used 315684K [0x0000000080000000, 0x0000000100000000)
  region size 1024K, 47 young (48128K), 2 survivors (2048K)
 Metaspace       used 106939K, committed 108672K, reserved 557056K
  class space    used 14804K, committed 15552K, reserved 425984K
}
Event: 403.509 GC heap after
{Heap after GC invocations=70 (full 0):
 garbage-first heap   total 450560K, used 277877K [0x0000000080000000, 0x0000000100000000)
  region size 1024K, 6 young (6144K), 6 survivors (6144K)
 Metaspace       used 106939K, committed 108672K, reserved 557056K
  class space    used 14804K, committed 15552K, reserved 425984K
}
Event: 403.893 GC heap before
{Heap before GC invocations=70 (full 0):
 garbage-first heap   total 450560K, used 294261K [0x0000000080000000, 0x0000000100000000)
  region size 1024K, 22 young (22528K), 6 survivors (6144K)
 Metaspace       used 107213K, committed 108992K, reserved 557056K
  class space    used 14847K, committed 15616K, reserved 425984K
}
Event: 403.908 GC heap after
{Heap after GC invocations=71 (full 0):
 garbage-first heap   total 450560K, used 278592K [0x0000000080000000, 0x0000000100000000)
  region size 1024K, 3 young (3072K), 3 survivors (3072K)
 Metaspace       used 107213K, committed 108992K, reserved 557056K
  class space    used 14847K, committed 15616K, reserved 425984K
}
Event: 408.119 GC heap before
{Heap before GC invocations=71 (full 0):
 garbage-first heap   total 450560K, used 366656K [0x0000000080000000, 0x0000000100000000)
  region size 1024K, 82 young (83968K), 3 survivors (3072K)
 Metaspace       used 111464K, committed 113280K, reserved 557056K
  class space    used 15428K, committed 16192K, reserved 425984K
}
Event: 408.133 GC heap after
{Heap after GC invocations=72 (full 0):
 garbage-first heap   total 450560K, used 300032K [0x0000000080000000, 0x0000000100000000)
  region size 1024K, 11 young (11264K), 11 survivors (11264K)
 Metaspace       used 111464K, committed 113280K, reserved 557056K
  class space    used 15428K, committed 16192K, reserved 425984K
}
Event: 409.020 GC heap before
{Heap before GC invocations=72 (full 0):
 garbage-first heap   total 450560K, used 368640K [0x0000000080000000, 0x0000000100000000)
  region size 1024K, 78 young (79872K), 11 survivors (11264K)
 Metaspace       used 114695K, committed 116608K, reserved 557056K
  class space    used 15880K, committed 16768K, reserved 425984K
}
Event: 409.044 GC heap after
{Heap after GC invocations=73 (full 0):
 garbage-first heap   total 450560K, used 313068K [0x0000000080000000, 0x0000000100000000)
  region size 1024K, 10 young (10240K), 10 survivors (10240K)
 Metaspace       used 114695K, committed 116608K, reserved 557056K
  class space    used 15880K, committed 16768K, reserved 425984K
}
Event: 410.310 GC heap before
{Heap before GC invocations=73 (full 0):
 garbage-first heap   total 450560K, used 373484K [0x0000000080000000, 0x0000000100000000)
  region size 1024K, 69 young (70656K), 10 survivors (10240K)
 Metaspace       used 117693K, committed 119552K, reserved 557056K
  class space    used 16278K, committed 17088K, reserved 425984K
}
Event: 410.338 GC heap after
{Heap after GC invocations=74 (full 0):
 garbage-first heap   total 450560K, used 326352K [0x0000000080000000, 0x0000000100000000)
  region size 1024K, 9 young (9216K), 9 survivors (9216K)
 Metaspace       used 117693K, committed 119552K, reserved 557056K
  class space    used 16278K, committed 17088K, reserved 425984K
}
Event: 410.959 GC heap before
{Heap before GC invocations=74 (full 0):
 garbage-first heap   total 450560K, used 376528K [0x0000000080000000, 0x0000000100000000)
  region size 1024K, 58 young (59392K), 9 survivors (9216K)
 Metaspace       used 118272K, committed 120192K, reserved 557056K
  class space    used 16321K, committed 17152K, reserved 425984K
}
Event: 410.989 GC heap after
{Heap after GC invocations=75 (full 0):
 garbage-first heap   total 450560K, used 340992K [0x0000000080000000, 0x0000000100000000)
  region size 1024K, 8 young (8192K), 8 survivors (8192K)
 Metaspace       used 118272K, committed 120192K, reserved 557056K
  class space    used 16321K, committed 17152K, reserved 425984K
}
Event: 411.438 GC heap before
{Heap before GC invocations=75 (full 0):
 garbage-first heap   total 450560K, used 379904K [0x0000000080000000, 0x0000000100000000)
  region size 1024K, 46 young (47104K), 8 survivors (8192K)
 Metaspace       used 118579K, committed 120512K, reserved 557056K
  class space    used 16353K, committed 17216K, reserved 425984K
}
Event: 411.457 GC heap after
{Heap after GC invocations=76 (full 0):
 garbage-first heap   total 450560K, used 349889K [0x0000000080000000, 0x0000000100000000)
  region size 1024K, 6 young (6144K), 6 survivors (6144K)
 Metaspace       used 118579K, committed 120512K, reserved 557056K
  class space    used 16353K, committed 17216K, reserved 425984K
}
Event: 411.692 GC heap before
{Heap before GC invocations=76 (full 0):
 garbage-first heap   total 450560K, used 384705K [0x0000000080000000, 0x0000000100000000)
  region size 1024K, 40 young (40960K), 6 survivors (6144K)
 Metaspace       used 118656K, committed 120640K, reserved 557056K
  class space    used 16354K, committed 17216K, reserved 425984K
}
Event: 411.703 GC heap after
{Heap after GC invocations=77 (full 0):
 garbage-first heap   total 450560K, used 357376K [0x0000000080000000, 0x0000000100000000)
  region size 1024K, 5 young (5120K), 5 survivors (5120K)
 Metaspace       used 118656K, committed 120640K, reserved 557056K
  class space    used 16354K, committed 17216K, reserved 425984K
}
Event: 411.940 GC heap before
{Heap before GC invocations=77 (full 0):
 garbage-first heap   total 450560K, used 388096K [0x0000000080000000, 0x0000000100000000)
  region size 1024K, 35 young (35840K), 5 survivors (5120K)
 Metaspace       used 118704K, committed 120640K, reserved 557056K
  class space    used 16357K, committed 17216K, reserved 425984K
}

