# JRE version: Java(TM) SE Runtime Environment (17.0.11+7) (build 17.0.11+7-LTS-207)
# Java VM: Java HotSpot(TM) 64-Bit Server VM (17.0.11+7-LTS-207, mixed mode, sharing, tiered, compressed oops, compressed class ptrs, g1 gc, windows-amd64)
GC Precious Log:
 CPUs: 8 total, 8 available
 Memory: 7971M
 Large Page Support: Disabled
 NUMA Support: Disabled
 Compressed Oops: Enabled (32-bit)
 Heap Region Size: 1M
 Heap Min Capacity: 8M
 Heap Initial Capacity: 126M
 Heap Max Capacity: 2G
 Pre-touch: Disabled
 Parallel Workers: 8
 Concurrent Workers: 2
 Concurrent Refinement Workers: 8
 Periodic GC: Disabled
Heap:
 garbage-first heap   total 460800K, used 304815K [0x0000000080000000, 0x0000000100000000)
  region size 1024K, 12 young (12288K), 12 survivors (12288K)
 Metaspace       used 117308K, committed 119232K, reserved 557056K
  class space    used 16221K, committed 17024K, reserved 425984K
GC Heap History (20 events):
Event: 403.794 GC heap after
{Heap after GC invocations=71 (full 0):
 garbage-first heap   total 355328K, used 215512K [0x0000000080000000, 0x0000000100000000)
  region size 1024K, 2 young (2048K), 2 survivors (2048K)
 Metaspace       used 99879K, committed 101568K, reserved 557056K
  class space    used 13856K, committed 14592K, reserved 425984K
}
Event: 404.824 GC heap before
{Heap before GC invocations=71 (full 0):
 garbage-first heap   total 355328K, used 280024K [0x0000000080000000, 0x0000000100000000)
  region size 1024K, 65 young (66560K), 2 survivors (2048K)
 Metaspace       used 101976K, committed 103744K, reserved 557056K
  class space    used 14149K, committed 14912K, reserved 425984K
}
Event: 404.833 GC heap after
{Heap after GC invocations=72 (full 0):
 garbage-first heap   total 355328K, used 222106K [0x0000000080000000, 0x0000000100000000)
  region size 1024K, 8 young (8192K), 8 survivors (8192K)
 Metaspace       used 101976K, committed 103744K, reserved 557056K
  class space    used 14149K, committed 14912K, reserved 425984K
}
Event: 405.667 GC heap before
{Heap before GC invocations=73 (full 0):
 garbage-first heap   total 430080K, used 281498K [0x0000000080000000, 0x0000000100000000)
  region size 1024K, 66 young (67584K), 8 survivors (8192K)
 Metaspace       used 102057K, committed 103808K, reserved 557056K
  class space    used 14157K, committed 14912K, reserved 425984K
}
Event: 405.717 GC heap after
{Heap after GC invocations=74 (full 0):
 garbage-first heap   total 430080K, used 232676K [0x0000000080000000, 0x0000000100000000)
  region size 1024K, 9 young (9216K), 9 survivors (9216K)
 Metaspace       used 102057K, committed 103808K, reserved 557056K
  class space    used 14157K, committed 14912K, reserved 425984K
}
Event: 407.328 GC heap before
{Heap before GC invocations=74 (full 0):
 garbage-first heap   total 430080K, used 244964K [0x0000000080000000, 0x0000000100000000)
  region size 1024K, 21 young (21504K), 9 survivors (9216K)
 Metaspace       used 102177K, committed 103936K, reserved 557056K
  class space    used 14177K, committed 14912K, reserved 425984K
}
Event: 407.358 GC heap after
{Heap after GC invocations=75 (full 0):
 garbage-first heap   total 430080K, used 235694K [0x0000000080000000, 0x0000000100000000)
  region size 1024K, 3 young (3072K), 3 survivors (3072K)
 Metaspace       used 102177K, committed 103936K, reserved 557056K
  class space    used 14177K, committed 14912K, reserved 425984K
}
Event: 408.474 GC heap before
{Heap before GC invocations=75 (full 0):
 garbage-first heap   total 430080K, used 247982K [0x0000000080000000, 0x0000000100000000)
  region size 1024K, 16 young (16384K), 3 survivors (3072K)
 Metaspace       used 102195K, committed 103936K, reserved 557056K
  class space    used 14178K, committed 14912K, reserved 425984K
}
Event: 408.481 GC heap after
{Heap after GC invocations=76 (full 0):
 garbage-first heap   total 430080K, used 236499K [0x0000000080000000, 0x0000000100000000)
  region size 1024K, 4 young (4096K), 4 survivors (4096K)
 Metaspace       used 102195K, committed 103936K, reserved 557056K
  class space    used 14178K, committed 14912K, reserved 425984K
}
Event: 416.976 GC heap before
{Heap before GC invocations=77 (full 0):
 garbage-first heap   total 430080K, used 347091K [0x0000000080000000, 0x0000000100000000)
  region size 1024K, 102 young (104448K), 4 survivors (4096K)
 Metaspace       used 107150K, committed 108992K, reserved 557056K
  class space    used 14843K, committed 15616K, reserved 425984K
}
Event: 417.002 GC heap after
{Heap after GC invocations=78 (full 0):
 garbage-first heap   total 430080K, used 262339K [0x0000000080000000, 0x0000000100000000)
  region size 1024K, 13 young (13312K), 13 survivors (13312K)
 Metaspace       used 107150K, committed 108992K, reserved 557056K
  class space    used 14843K, committed 15616K, reserved 425984K
}
Event: 418.168 GC heap before
{Heap before GC invocations=78 (full 0):
 garbage-first heap   total 430080K, used 269507K [0x0000000080000000, 0x0000000100000000)
  region size 1024K, 21 young (21504K), 13 survivors (13312K)
 Metaspace       used 107250K, committed 109056K, reserved 557056K
  class space    used 14859K, committed 15616K, reserved 425984K
}
Event: 418.212 GC heap after
{Heap after GC invocations=79 (full 0):
 garbage-first heap   total 430080K, used 264693K [0x0000000080000000, 0x0000000100000000)
  region size 1024K, 3 young (3072K), 3 survivors (3072K)
 Metaspace       used 107250K, committed 109056K, reserved 557056K
  class space    used 14859K, committed 15616K, reserved 425984K
}
Event: 419.457 GC heap before
{Heap before GC invocations=79 (full 0):
 garbage-first heap   total 430080K, used 278005K [0x0000000080000000, 0x0000000100000000)
  region size 1024K, 18 young (18432K), 3 survivors (3072K)
 Metaspace       used 107278K, committed 109184K, reserved 557056K
  class space    used 14862K, committed 15680K, reserved 425984K
}
Event: 419.461 GC heap after
{Heap after GC invocations=80 (full 0):
 garbage-first heap   total 430080K, used 265083K [0x0000000080000000, 0x0000000100000000)
  region size 1024K, 4 young (4096K), 4 survivors (4096K)
 Metaspace       used 107278K, committed 109184K, reserved 557056K
  class space    used 14862K, committed 15680K, reserved 425984K
}
Event: 424.839 GC heap before
{Heap before GC invocations=81 (full 0):
 garbage-first heap   total 460800K, used 358267K [0x0000000080000000, 0x0000000100000000)
  region size 1024K, 88 young (90112K), 4 survivors (4096K)
 Metaspace       used 112439K, committed 114304K, reserved 557056K
  class space    used 15553K, committed 16320K, reserved 425984K
}
Event: 424.861 GC heap after
{Heap after GC invocations=82 (full 0):
 garbage-first heap   total 460800K, used 284629K [0x0000000080000000, 0x0000000100000000)
  region size 1024K, 11 young (11264K), 11 survivors (11264K)
 Metaspace       used 112439K, committed 114304K, reserved 557056K
  class space    used 15553K, committed 16320K, reserved 425984K
}
Event: 425.143 GC heap before
{Heap before GC invocations=82 (full 0):
 garbage-first heap   total 460800K, used 295893K [0x0000000080000000, 0x0000000100000000)
  region size 1024K, 22 young (22528K), 11 survivors (11264K)
 Metaspace       used 113086K, committed 115008K, reserved 557056K
  class space    used 15641K, committed 16448K, reserved 425984K
}
Event: 425.178 GC heap after
{Heap after GC invocations=83 (full 0):
 garbage-first heap   total 460800K, used 286608K [0x0000000080000000, 0x0000000100000000)
  region size 1024K, 3 young (3072K), 3 survivors (3072K)
 Metaspace       used 113086K, committed 115008K, reserved 557056K
  class space    used 15641K, committed 16448K, reserved 425984K
}
Event: 427.594 GC heap before
{Heap before GC invocations=83 (full 0):
 garbage-first heap   total 460800K, used 374672K [0x0000000080000000, 0x0000000100000000)
  region size 1024K, 89 young (91136K), 3 survivors (3072K)
 Metaspace       used 117308K, committed 119232K, reserved 557056K
  class space    used 16221K, committed 17024K, reserved 425984K
}

